2025-07-25 17:13:44,332 - mc-update-server - INFO - 功能目录监控已启动，路径: c:\Users\admin\Desktop\Project_Dispatch\叼毛工程\feature_control_center\features
2025-07-25 17:13:44,359 - mc-update-server - INFO - 注册新功能: (• •) (客户ID: 1)
2025-07-25 17:13:45,494 - mc-update-server - INFO - 功能目录监控已启动，路径: c:\Users\admin\Desktop\Project_Dispatch\叼毛工程\feature_control_center\features
2025-07-25 17:13:45,514 - mc-update-server - INFO - 注册新功能: (• •) (客户ID: 1)
2025-07-25 17:14:34,414 - mc-update-server - INFO - 功能目录监控已启动，路径: c:\Users\admin\Desktop\Project_Dispatch\叼毛工程\feature_control_center\features
2025-07-25 17:14:34,430 - mc-update-server - INFO - 注册新功能: (• •) (客户ID: 2)
2025-07-25 17:15:13,784 - mc-update-server - INFO - 功能目录监控已启动，路径: c:\Users\admin\Desktop\Project_Dispatch\叼毛工程\feature_control_center\features
2025-07-25 17:15:13,796 - mc-update-server - INFO - 注册新功能: (• •) (客户ID: 2)
2025-07-25 17:15:14,788 - mc-update-server - INFO - 功能目录监控已启动，路径: c:\Users\admin\Desktop\Project_Dispatch\叼毛工程\feature_control_center\features
2025-07-25 17:19:48,612 - mc-update-server - INFO - 功能目录监控已启动，路径: c:\Users\admin\Desktop\Project_Dispatch\叼毛工程\feature_control_center\features
2025-07-25 17:19:52,053 - mc-update-server - INFO - 功能目录监控已启动，路径: c:\Users\admin\Desktop\Project_Dispatch\叼毛工程\feature_control_center\features
2025-07-25 17:20:05,353 - mc-update-server - INFO - 功能目录监控已启动，路径: c:\Users\admin\Desktop\Project_Dispatch\叼毛工程\feature_control_center\features
2025-07-25 17:20:11,496 - mc-update-server - INFO - 功能目录监控已启动，路径: c:\Users\admin\Desktop\Project_Dispatch\叼毛工程\feature_control_center\features
2025-07-25 17:23:44,037 - mc-update-server - INFO - 功能目录监控已启动，路径: c:\Users\admin\Desktop\Project_Dispatch\叼毛工程\feature_control_center\features
2025-07-25 17:23:56,428 - mc-update-server - INFO - 功能目录监控已启动，路径: c:\Users\admin\Desktop\Project_Dispatch\叼毛工程\feature_control_center\features
2025-07-26 10:32:35,017 - mc-update-server - INFO - 功能目录监控已启动，路径: c:\Users\admin\Desktop\Project_Dispatch\叼毛工程\feature_control_center\features
2025-07-26 10:32:35,034 - mc-update-server - INFO - 功能已存在: Hello World
2025-07-26 10:32:35,043 - mc-update-server - INFO - 功能已存在: (• •)
2025-07-26 10:32:35,046 - mc-update-server - INFO - 删除未定义功能: 一个同步功能 (ID: 1)
2025-07-26 10:32:35,961 - mc-update-server - INFO - 功能目录监控已启动，路径: c:\Users\admin\Desktop\Project_Dispatch\叼毛工程\feature_control_center\features
2025-07-26 10:32:35,973 - mc-update-server - INFO - 功能已存在: Hello World
2025-07-26 10:32:35,990 - mc-update-server - INFO - 功能已存在: (• •)
2025-07-26 10:32:35,996 - mc-update-server - INFO - 删除未定义功能: 一个同步功能 (ID: 1)
2025-07-26 10:34:11,354 - mc-update-server - INFO - 功能目录监控已启动，路径: c:\Users\admin\Desktop\Project_Dispatch\叼毛工程\feature_control_center\features
2025-07-26 10:34:11,365 - mc-update-server - INFO - 功能已存在: Hello World
2025-07-26 10:34:11,376 - mc-update-server - INFO - 功能已存在: (• •)
2025-07-26 10:34:11,382 - mc-update-server - INFO - 删除未定义功能: 一个同步功能 (ID: 1)
2025-07-26 10:34:13,434 - mc-update-server - INFO - 功能目录监控已启动，路径: c:\Users\admin\Desktop\Project_Dispatch\叼毛工程\feature_control_center\features
2025-07-26 10:34:13,443 - mc-update-server - INFO - 功能已存在: Hello World
2025-07-26 10:34:13,455 - mc-update-server - INFO - 功能已存在: (• •)
2025-07-26 10:34:13,460 - mc-update-server - INFO - 删除未定义功能: 一个同步功能 (ID: 1)
2025-07-26 10:34:15,722 - mc-update-server - INFO - 功能目录监控已启动，路径: c:\Users\admin\Desktop\Project_Dispatch\叼毛工程\feature_control_center\features
2025-07-26 10:34:15,731 - mc-update-server - INFO - 功能已存在: Hello World
2025-07-26 10:34:15,744 - mc-update-server - INFO - 功能已存在: (• •)
2025-07-26 10:34:15,748 - mc-update-server - INFO - 删除未定义功能: 一个同步功能 (ID: 1)
2025-07-26 10:40:55,811 - mc-update-server - INFO - 功能目录监控已启动，路径: c:\Users\admin\Desktop\Project_Dispatch\叼毛工程\feature_control_center\features
2025-07-26 10:40:55,834 - mc-update-server - INFO - 功能已存在: Hello World
2025-07-26 10:40:55,846 - mc-update-server - INFO - 功能已存在: (• •)
2025-07-26 10:40:55,849 - mc-update-server - INFO - 删除未定义功能: 一个同步功能 (ID: 1)
2025-07-26 10:40:57,016 - mc-update-server - INFO - 功能目录监控已启动，路径: c:\Users\admin\Desktop\Project_Dispatch\叼毛工程\feature_control_center\features
2025-07-26 10:40:57,025 - mc-update-server - INFO - 功能已存在: Hello World
2025-07-26 10:40:57,036 - mc-update-server - INFO - 功能已存在: (• •)
2025-07-26 10:40:57,041 - mc-update-server - INFO - 删除未定义功能: 一个同步功能 (ID: 1)
2025-07-26 10:41:29,830 - mc-update-server - INFO - 功能目录监控已启动，路径: c:\Users\admin\Desktop\Project_Dispatch\叼毛工程\feature_control_center\features
2025-07-26 10:41:29,845 - mc-update-server - INFO - 功能已存在: Hello World
2025-07-26 10:41:29,858 - mc-update-server - INFO - 功能已存在: (• •)
2025-07-26 10:41:29,863 - mc-update-server - INFO - 删除未定义功能: 一个同步功能 (ID: 1)
2025-07-26 10:41:34,216 - mc-update-server - INFO - 功能目录监控已启动，路径: c:\Users\admin\Desktop\Project_Dispatch\叼毛工程\feature_control_center\features
2025-07-26 10:41:34,228 - mc-update-server - INFO - 功能已存在: Hello World
2025-07-26 10:41:34,240 - mc-update-server - INFO - 功能已存在: (• •)
2025-07-26 10:41:34,244 - mc-update-server - INFO - 删除未定义功能: 一个同步功能 (ID: 1)
2025-07-26 10:41:36,735 - mc-update-server - INFO - 功能目录监控已启动，路径: c:\Users\admin\Desktop\Project_Dispatch\叼毛工程\feature_control_center\features
2025-07-26 10:41:36,746 - mc-update-server - INFO - 功能已存在: Hello World
2025-07-26 10:41:36,759 - mc-update-server - INFO - 功能已存在: (• •)
2025-07-26 10:41:36,764 - mc-update-server - INFO - 删除未定义功能: 一个同步功能 (ID: 1)
2025-07-26 10:41:40,259 - mc-update-server - INFO - 功能目录监控已启动，路径: c:\Users\admin\Desktop\Project_Dispatch\叼毛工程\feature_control_center\features
2025-07-26 10:41:40,270 - mc-update-server - INFO - 功能已存在: Hello World
2025-07-26 10:41:40,284 - mc-update-server - INFO - 功能已存在: (• •)
2025-07-26 10:41:40,288 - mc-update-server - INFO - 删除未定义功能: 一个同步功能 (ID: 1)
2025-07-26 10:41:48,287 - mc-update-server - INFO - 功能目录监控已启动，路径: c:\Users\admin\Desktop\Project_Dispatch\叼毛工程\feature_control_center\features
2025-07-26 10:41:48,297 - mc-update-server - INFO - 功能已存在: Hello World
2025-07-26 10:41:48,309 - mc-update-server - INFO - 功能已存在: (• •)
2025-07-26 10:41:48,314 - mc-update-server - INFO - 删除未定义功能: 一个同步功能 (ID: 1)
2025-07-26 10:41:49,416 - mc-update-server - INFO - 功能目录监控已启动，路径: c:\Users\admin\Desktop\Project_Dispatch\叼毛工程\feature_control_center\features
2025-07-26 10:41:49,428 - mc-update-server - INFO - 功能已存在: Hello World
2025-07-26 10:41:49,441 - mc-update-server - INFO - 功能已存在: (• •)
2025-07-26 10:41:49,447 - mc-update-server - INFO - 删除未定义功能: 一个同步功能 (ID: 1)
2025-07-26 10:42:44,847 - mc-update-server - INFO - 功能目录监控已启动，路径: c:\Users\admin\Desktop\Project_Dispatch\叼毛工程\feature_control_center\features
2025-07-26 10:42:44,872 - mc-update-server - INFO - 功能已存在: Hello World
2025-07-26 10:42:44,893 - mc-update-server - INFO - 功能已存在: (• •)
2025-07-26 10:42:44,898 - mc-update-server - INFO - 删除未定义功能: 一个同步功能 (ID: 1)
2025-07-26 10:42:51,110 - mc-update-server - INFO - 功能目录监控已启动，路径: c:\Users\admin\Desktop\Project_Dispatch\叼毛工程\feature_control_center\features
2025-07-26 10:42:51,130 - mc-update-server - INFO - 功能已存在: Hello World
2025-07-26 10:42:51,149 - mc-update-server - INFO - 功能已存在: (• •)
2025-07-26 10:42:51,156 - mc-update-server - INFO - 删除未定义功能: 一个同步功能 (ID: 1)
2025-07-26 10:46:50,256 - mc-update-server - INFO - 功能目录监控已启动，路径: c:\Users\admin\Desktop\Project_Dispatch\叼毛工程\feature_control_center\features
2025-07-26 10:46:50,275 - mc-update-server - INFO - 功能已存在: Hello World
2025-07-26 10:46:50,295 - mc-update-server - INFO - 功能已存在: (• •)
2025-07-26 10:46:50,303 - mc-update-server - INFO - 删除未定义功能: 一个同步功能 (ID: 1)
2025-07-26 10:46:53,112 - mc-update-server - INFO - 功能目录监控已启动，路径: c:\Users\admin\Desktop\Project_Dispatch\叼毛工程\feature_control_center\features
2025-07-26 10:46:53,126 - mc-update-server - INFO - 功能已存在: Hello World
2025-07-26 10:46:53,146 - mc-update-server - INFO - 功能已存在: (• •)
2025-07-26 10:46:53,151 - mc-update-server - INFO - 删除未定义功能: 一个同步功能 (ID: 1)
2025-07-26 10:48:10,520 - mc-update-server - INFO - 功能目录监控已启动，路径: c:\Users\admin\Desktop\Project_Dispatch\叼毛工程\feature_control_center\features
2025-07-26 10:48:10,529 - mc-update-server - INFO - 功能已存在: Hello World
2025-07-26 10:48:10,539 - mc-update-server - INFO - 功能已存在: (• •)
2025-07-26 10:48:10,544 - mc-update-server - INFO - 删除未定义功能: 一个同步功能 (ID: 1)
2025-07-26 10:48:11,517 - mc-update-server - INFO - 功能目录监控已启动，路径: c:\Users\admin\Desktop\Project_Dispatch\叼毛工程\feature_control_center\features
2025-07-26 10:48:11,524 - mc-update-server - INFO - 功能已存在: Hello World
2025-07-26 10:48:11,537 - mc-update-server - INFO - 功能已存在: (• •)
2025-07-26 10:49:11,555 - mc-update-server - INFO - 功能已存在: Hello World
2025-07-26 10:49:11,562 - mc-update-server - INFO - 功能已存在: (• •)
2025-07-26 10:50:11,573 - mc-update-server - INFO - 功能已存在: Hello World
2025-07-26 10:50:11,576 - mc-update-server - INFO - 功能已存在: (• •)
2025-07-26 10:50:17,629 - mc-update-server - INFO - 检测到功能脚本变动: c:\Users\admin\Desktop\Project_Dispatch\叼毛工程\feature_control_center\features\test2 copy.py
2025-07-26 10:50:19,697 - mc-update-server - INFO - 功能目录监控已启动，路径: c:\Users\admin\Desktop\Project_Dispatch\叼毛工程\feature_control_center\features
2025-07-26 10:50:19,711 - mc-update-server - INFO - 功能已存在: Hello World
2025-07-26 10:50:19,730 - mc-update-server - INFO - 功能已存在: (• •)
2025-07-26 10:50:19,736 - mc-update-server - INFO - 功能已存在: (• •)
2025-07-26 10:51:19,764 - mc-update-server - INFO - 功能已存在: Hello World
2025-07-26 10:51:19,775 - mc-update-server - INFO - 功能已存在: (• •)
2025-07-26 10:51:19,785 - mc-update-server - INFO - 功能已存在: (• •)
2025-07-26 10:52:19,802 - mc-update-server - INFO - 功能已存在: Hello World
2025-07-26 10:52:19,805 - mc-update-server - INFO - 功能已存在: (• •)
2025-07-26 10:52:19,809 - mc-update-server - INFO - 功能已存在: (• •)
2025-07-26 11:00:33,220 - mc-update-server - INFO - 功能已存在: Hello World
2025-07-26 11:00:33,227 - mc-update-server - INFO - 功能已存在: (• •)
2025-07-26 11:00:33,231 - mc-update-server - INFO - 功能已存在: (• •)
2025-07-26 11:00:34,188 - mc-update-server - INFO - 功能已存在: Hello World
2025-07-26 11:00:34,202 - mc-update-server - INFO - 功能已存在: (• •)
2025-07-26 11:00:34,206 - mc-update-server - INFO - 功能已存在: (• •)
2025-07-26 11:00:36,413 - mc-update-server - INFO - 功能已存在: Hello World
2025-07-26 11:00:36,423 - mc-update-server - INFO - 功能已存在: (• •)
2025-07-26 11:00:36,427 - mc-update-server - INFO - 功能已存在: (• •)
2025-07-26 11:00:37,256 - mc-update-server - INFO - 功能已存在: Hello World
2025-07-26 11:00:37,264 - mc-update-server - INFO - 功能已存在: (• •)
2025-07-26 11:00:37,272 - mc-update-server - INFO - 功能已存在: (• •)
2025-07-26 11:00:54,577 - mc-update-server - INFO - 功能已存在: Hello World
2025-07-26 11:00:54,607 - mc-update-server - INFO - 注册新功能: (X x) (客户ID: 2)
2025-07-26 11:00:54,610 - mc-update-server - ERROR - 功能注册服务异常: module 'app.services.feature_service' has no attribute 'add_feature'
2025-07-26 11:00:57,657 - mc-update-server - INFO - 功能已存在: Hello World
2025-07-26 11:00:57,673 - mc-update-server - INFO - 注册新功能: (x x) (客户ID: 2)
2025-07-26 11:00:57,676 - mc-update-server - ERROR - 功能注册服务异常: module 'app.services.feature_service' has no attribute 'add_feature'
2025-07-26 11:01:01,797 - mc-update-server - INFO - 功能已存在: Hello World
2025-07-26 11:01:01,811 - mc-update-server - INFO - 注册新功能: (x _ x) (客户ID: 2)
2025-07-26 11:01:01,812 - mc-update-server - ERROR - 功能注册服务异常: module 'app.services.feature_service' has no attribute 'add_feature'
2025-07-26 11:01:12,170 - mc-update-server - INFO - 功能已存在: Hello World
2025-07-26 11:01:12,196 - mc-update-server - INFO - 注册新功能: (x _ x) (客户ID: 2)
2025-07-26 11:01:12,199 - mc-update-server - ERROR - 功能注册服务异常: module 'app.services.feature_service' has no attribute 'add_feature'
2025-07-26 11:01:14,387 - mc-update-server - INFO - 功能已存在: Hello World
2025-07-26 11:01:14,401 - mc-update-server - INFO - 注册新功能: (x _ x) (客户ID: 2)
2025-07-26 11:01:14,403 - mc-update-server - ERROR - 功能注册服务异常: module 'app.services.feature_service' has no attribute 'add_feature'
2025-07-26 11:01:36,447 - mc-update-server - INFO - 功能已存在: Hello World
2025-07-26 11:01:36,451 - mc-update-server - INFO - 注册新功能: (x _ x) (客户ID: 2)
2025-07-26 11:01:36,452 - mc-update-server - ERROR - 功能注册服务异常: module 'app.services.feature_service' has no attribute 'add_feature'
2025-07-26 11:01:51,310 - mc-update-server - INFO - 功能已存在: Hello World
2025-07-26 11:01:51,318 - mc-update-server - INFO - 注册新功能: (x _ x) (客户ID: 2)
2025-07-26 11:01:51,339 - mc-update-server - ERROR - 功能注册服务异常: (sqlite3.OperationalError) no such table: base_config
[SQL: INSERT INTO base_config (name, value, description, feature_id, created_date, updated_date) VALUES (?, ?, ?, ?, ?, ?)]
[parameters: ('appid', None, '应用ID', 4, '2025-07-26 11:01:51.339938', '2025-07-26 11:01:51.339938')]
(Background on this error at: https://sqlalche.me/e/20/e3q8)
2025-07-26 11:01:52,197 - mc-update-server - INFO - 功能已存在: Hello World
2025-07-26 11:01:52,207 - mc-update-server - INFO - 功能已存在: (x _ x)
2025-07-26 11:01:52,212 - mc-update-server - INFO - 功能已存在: (• •)
2025-07-26 11:03:34,127 - mc-update-server - ERROR - 功能注册服务异常: (sqlite3.OperationalError) no such table: base_feature
[SQL: 
               select ft.id, ft.name, ft.description, ft.customer_id,
                    ct.name customer_name from base_feature ft
                left join base_customer ct on ft.customer_id = ct.id
                group by ft.id, ct.id
               ]
(Background on this error at: https://sqlalche.me/e/20/e3q8)
2025-07-26 11:03:35,043 - mc-update-server - ERROR - 功能注册服务异常: (sqlite3.OperationalError) no such table: base_feature
[SQL: 
               select ft.id, ft.name, ft.description, ft.customer_id,
                    ct.name customer_name from base_feature ft
                left join base_customer ct on ft.customer_id = ct.id
                group by ft.id, ct.id
               ]
(Background on this error at: https://sqlalche.me/e/20/e3q8)
2025-07-26 11:03:57,371 - mc-update-server - ERROR - 功能注册服务异常: (sqlite3.OperationalError) no such table: base_feature
[SQL: 
               select ft.id, ft.name, ft.description, ft.customer_id,
                    ct.name customer_name from base_feature ft
                left join base_customer ct on ft.customer_id = ct.id
                group by ft.id, ct.id
               ]
(Background on this error at: https://sqlalche.me/e/20/e3q8)
2025-07-26 11:04:05,466 - mc-update-server - ERROR - 功能注册服务异常: (sqlite3.OperationalError) no such table: base_feature
[SQL: 
               select ft.id, ft.name, ft.description, ft.customer_id,
                    ct.name customer_name from base_feature ft
                left join base_customer ct on ft.customer_id = ct.id
                group by ft.id, ct.id
               ]
(Background on this error at: https://sqlalche.me/e/20/e3q8)
2025-07-26 11:04:20,315 - mc-update-server - WARNING - 未找到客户: 天能，将使用默认customer_id=0
2025-07-26 11:04:20,317 - mc-update-server - INFO - 注册新功能: Hello World (客户ID: 0)
2025-07-26 11:04:20,333 - mc-update-server - ERROR - 功能注册服务异常: (sqlite3.IntegrityError) NOT NULL constraint failed: base_config.value
[SQL: INSERT INTO base_config (name, value, description, feature_id, created_date, updated_date) VALUES (?, ?, ?, ?, ?, ?)]
[parameters: ('appid', None, '应用ID', 1, '2025-07-26 11:04:20.332526', '2025-07-26 11:04:20.332526')]
(Background on this error at: https://sqlalche.me/e/20/gkpj)
2025-07-26 11:04:21,213 - mc-update-server - WARNING - 未找到客户: 天能，将使用默认customer_id=0
2025-07-26 11:04:21,215 - mc-update-server - INFO - 功能已存在: Hello World
2025-07-26 11:04:21,228 - mc-update-server - WARNING - 未找到客户: 地能，将使用默认customer_id=0
2025-07-26 11:04:21,229 - mc-update-server - INFO - 注册新功能: (x _ x) (客户ID: 0)
2025-07-26 11:04:21,244 - mc-update-server - ERROR - 功能注册服务异常: (sqlite3.IntegrityError) NOT NULL constraint failed: base_config.value
[SQL: INSERT INTO base_config (name, value, description, feature_id, created_date, updated_date) VALUES (?, ?, ?, ?, ?, ?)]
[parameters: ('appid', None, '应用ID', 2, '2025-07-26 11:04:21.243444', '2025-07-26 11:04:21.243444')]
(Background on this error at: https://sqlalche.me/e/20/gkpj)
2025-07-26 11:06:14,656 - mc-update-server - ERROR - 功能注册服务异常: (sqlite3.OperationalError) no such table: base_feature
[SQL: 
               select ft.id, ft.name, ft.description, ft.customer_id,
                    ct.name customer_name from base_feature ft
                left join base_customer ct on ft.customer_id = ct.id
                group by ft.id, ct.id
               ]
(Background on this error at: https://sqlalche.me/e/20/e3q8)
2025-07-26 11:06:27,546 - mc-update-server - WARNING - 未找到客户: 天能，将使用默认customer_id=0
2025-07-26 11:06:27,547 - mc-update-server - INFO - 注册新功能: Hello World (客户ID: 0)
2025-07-26 11:06:27,584 - mc-update-server - WARNING - 未找到客户: 地能，将使用默认customer_id=0
2025-07-26 11:06:27,587 - mc-update-server - INFO - 注册新功能: (x _ x) (客户ID: 0)
2025-07-26 11:06:27,622 - mc-update-server - WARNING - 未找到客户: 地能，将使用默认customer_id=0
2025-07-26 11:06:27,624 - mc-update-server - INFO - 注册新功能: (• •) (客户ID: 0)
2025-07-26 11:06:28,499 - mc-update-server - WARNING - 未找到客户: 天能，将使用默认customer_id=0
2025-07-26 11:06:28,500 - mc-update-server - INFO - 功能已存在: Hello World
2025-07-26 11:06:28,515 - mc-update-server - WARNING - 未找到客户: 地能，将使用默认customer_id=0
2025-07-26 11:06:28,516 - mc-update-server - INFO - 功能已存在: (x _ x)
2025-07-26 11:06:28,523 - mc-update-server - WARNING - 未找到客户: 地能，将使用默认customer_id=0
2025-07-26 11:06:28,525 - mc-update-server - INFO - 功能已存在: (• •)
2025-07-26 11:14:37,206 - mc-update-server - WARNING - 未找到客户: 天能，将使用默认customer_id=0
2025-07-26 11:14:37,211 - mc-update-server - WARNING - 未找到客户: 地能，将使用默认customer_id=0
2025-07-26 11:14:37,217 - mc-update-server - WARNING - 未找到客户: 地能，将使用默认customer_id=0
2025-07-26 11:14:38,124 - mc-update-server - WARNING - 未找到客户: 天能，将使用默认customer_id=0
2025-07-26 11:14:38,129 - mc-update-server - WARNING - 未找到客户: 地能，将使用默认customer_id=0
2025-07-26 11:14:38,134 - mc-update-server - WARNING - 未找到客户: 地能，将使用默认customer_id=0
2025-07-26 11:15:37,231 - mc-update-server - WARNING - 未找到客户: 天能，将使用默认customer_id=0
2025-07-26 11:15:37,233 - mc-update-server - WARNING - 未找到客户: 地能，将使用默认customer_id=0
2025-07-26 11:15:37,236 - mc-update-server - WARNING - 未找到客户: 地能，将使用默认customer_id=0
2025-07-26 11:15:38,146 - mc-update-server - WARNING - 未找到客户: 天能，将使用默认customer_id=0
2025-07-26 11:15:38,148 - mc-update-server - WARNING - 未找到客户: 地能，将使用默认customer_id=0
2025-07-26 11:15:38,154 - mc-update-server - WARNING - 未找到客户: 地能，将使用默认customer_id=0
2025-07-26 11:16:37,242 - mc-update-server - WARNING - 未找到客户: 天能，将使用默认customer_id=0
2025-07-26 11:16:37,245 - mc-update-server - WARNING - 未找到客户: 地能，将使用默认customer_id=0
2025-07-26 11:16:37,249 - mc-update-server - WARNING - 未找到客户: 地能，将使用默认customer_id=0
2025-07-26 11:16:38,161 - mc-update-server - WARNING - 未找到客户: 天能，将使用默认customer_id=0
2025-07-26 11:16:38,163 - mc-update-server - WARNING - 未找到客户: 地能，将使用默认customer_id=0
2025-07-26 11:16:38,165 - mc-update-server - WARNING - 未找到客户: 地能，将使用默认customer_id=0
2025-07-26 11:17:41,069 - mc-update-server - ERROR - 功能注册服务异常: (sqlite3.OperationalError) no such table: base_feature
[SQL: 
               select ft.id, ft.name, ft.description, ft.customer_id,
                    ct.name customer_name from base_feature ft
                left join base_customer ct on ft.customer_id = ct.id
                group by ft.id, ct.id
               ]
(Background on this error at: https://sqlalche.me/e/20/e3q8)
2025-07-26 11:21:16,508 - mc-update-server - WARNING - 未找到客户: 天能，将使用默认customer_id=0
2025-07-26 11:21:16,509 - mc-update-server - INFO - 注册新功能: Hello World (客户ID: 0)
2025-07-26 11:21:16,547 - mc-update-server - WARNING - 未找到客户: 地能，将使用默认customer_id=0
2025-07-26 11:21:16,549 - mc-update-server - INFO - 注册新功能: (x _ x) (客户ID: 0)
2025-07-26 11:21:16,582 - mc-update-server - WARNING - 未找到客户: 地能，将使用默认customer_id=0
2025-07-26 11:21:16,584 - mc-update-server - INFO - 注册新功能: (• •) (客户ID: 0)
2025-07-26 11:21:41,284 - mc-update-server - INFO - 删除未定义功能: (x _ x) (ID: 2)
